INFO [2025-02-26 20:17:42] [[1]]
INFO [2025-02-26 20:17:42] df
INFO [2025-02-26 20:17:42] 
INFO [2025-02-26 20:17:42] $filename
INFO [2025-02-26 20:17:42] NULL
INFO [2025-02-26 20:17:42] 
INFO [2025-02-26 20:17:42] $height
INFO [2025-02-26 20:17:42] [1] 5400
INFO [2025-02-26 20:17:42] 
INFO [2025-02-26 20:17:42] $width
INFO [2025-02-26 20:17:42] [1] 5400
INFO [2025-02-26 20:17:42] 
INFO [2025-02-26 20:17:42] $resolution
INFO [2025-02-26 20:17:42] [1] 600
INFO [2025-02-26 20:17:42] 
INFO [2025-02-26 20:17:42] $imagetype
INFO [2025-02-26 20:17:42] [1] "png"
INFO [2025-02-26 20:17:42] 
INFO [2025-02-26 20:17:42] $units
INFO [2025-02-26 20:17:42] [1] "px"
INFO [2025-02-26 20:17:42] 
INFO [2025-02-26 20:17:42] $lwd
INFO [2025-02-26 20:17:42] [1] 2
INFO [2025-02-26 20:17:42] 
INFO [2025-02-26 20:17:42] $lty
INFO [2025-02-26 20:17:42] [1] 1
INFO [2025-02-26 20:17:42] 
INFO [2025-02-26 20:17:42] $fill
INFO [2025-02-26 20:17:42] brewer.pal(length(data), "Set2")
INFO [2025-02-26 20:17:42] 
INFO [2025-02-26 20:17:42] $cex
INFO [2025-02-26 20:17:42] [1] 1.3
INFO [2025-02-26 20:17:42] 
INFO [2025-02-26 20:17:42] $cat.cex
INFO [2025-02-26 20:17:42] [1] 2
INFO [2025-02-26 20:17:42] 
INFO [2025-02-26 20:17:42] $alpha
INFO [2025-02-26 20:17:42] [1] 0.8
INFO [2025-02-26 20:17:42] 
INFO [2025-02-26 20:17:42] $margin
INFO [2025-02-26 20:17:42] [1] 0.05
INFO [2025-02-26 20:17:42] 
INFO [2025-02-26 20:17:42] $fontface
INFO [2025-02-26 20:17:42] [1] 2
INFO [2025-02-26 20:17:42] 
INFO [2025-02-26 20:17:42] $cat.fontface
INFO [2025-02-26 20:17:42] [1] 2
INFO [2025-02-26 20:17:42] 
INFO [2025-02-26 20:17:42] $print.mode
INFO [2025-02-26 20:17:42] c("raw", "percent")
INFO [2025-02-26 20:17:42] 
ERROR [2025-02-26 20:17:42] Incorrect number of elements.
