INFO [2025-02-26 20:26:36] [[1]]
INFO [2025-02-26 20:26:36] df
INFO [2025-02-26 20:26:36] 
INFO [2025-02-26 20:26:36] $filename
INFO [2025-02-26 20:26:36] NULL
INFO [2025-02-26 20:26:36] 
INFO [2025-02-26 20:26:36] $height
INFO [2025-02-26 20:26:36] [1] 5400
INFO [2025-02-26 20:26:36] 
INFO [2025-02-26 20:26:36] $width
INFO [2025-02-26 20:26:36] [1] 5400
INFO [2025-02-26 20:26:36] 
INFO [2025-02-26 20:26:36] $resolution
INFO [2025-02-26 20:26:36] [1] 600
INFO [2025-02-26 20:26:36] 
INFO [2025-02-26 20:26:36] $imagetype
INFO [2025-02-26 20:26:36] [1] "png"
INFO [2025-02-26 20:26:36] 
INFO [2025-02-26 20:26:36] $units
INFO [2025-02-26 20:26:36] [1] "px"
INFO [2025-02-26 20:26:36] 
INFO [2025-02-26 20:26:36] $lwd
INFO [2025-02-26 20:26:36] [1] 2
INFO [2025-02-26 20:26:36] 
INFO [2025-02-26 20:26:36] $lty
INFO [2025-02-26 20:26:36] [1] 1
INFO [2025-02-26 20:26:36] 
INFO [2025-02-26 20:26:36] $fill
INFO [2025-02-26 20:26:36] brewer.pal(length(data), "Set2")
INFO [2025-02-26 20:26:36] 
INFO [2025-02-26 20:26:36] $cex
INFO [2025-02-26 20:26:36] [1] 1.3
INFO [2025-02-26 20:26:36] 
INFO [2025-02-26 20:26:36] $cat.cex
INFO [2025-02-26 20:26:36] [1] 2
INFO [2025-02-26 20:26:36] 
INFO [2025-02-26 20:26:36] $alpha
INFO [2025-02-26 20:26:36] [1] 0.8
INFO [2025-02-26 20:26:36] 
INFO [2025-02-26 20:26:36] $margin
INFO [2025-02-26 20:26:36] [1] 0.05
INFO [2025-02-26 20:26:36] 
INFO [2025-02-26 20:26:36] $fontface
INFO [2025-02-26 20:26:36] [1] 2
INFO [2025-02-26 20:26:36] 
INFO [2025-02-26 20:26:36] $cat.fontface
INFO [2025-02-26 20:26:36] [1] 2
INFO [2025-02-26 20:26:36] 
INFO [2025-02-26 20:26:36] $print.mode
INFO [2025-02-26 20:26:36] c("raw", "percent")
INFO [2025-02-26 20:26:36] 
ERROR [2025-02-26 20:26:36] Incorrect number of elements.
