INFO [2025-02-26 20:27:26] [[1]]
INFO [2025-02-26 20:27:26] df
INFO [2025-02-26 20:27:26] 
INFO [2025-02-26 20:27:26] $filename
INFO [2025-02-26 20:27:26] NULL
INFO [2025-02-26 20:27:26] 
INFO [2025-02-26 20:27:26] $height
INFO [2025-02-26 20:27:26] [1] 4000
INFO [2025-02-26 20:27:26] 
INFO [2025-02-26 20:27:26] $width
INFO [2025-02-26 20:27:26] [1] 4000
INFO [2025-02-26 20:27:26] 
INFO [2025-02-26 20:27:26] $resolution
INFO [2025-02-26 20:27:26] [1] 300
INFO [2025-02-26 20:27:26] 
INFO [2025-02-26 20:27:26] $imagetype
INFO [2025-02-26 20:27:26] [1] "png"
INFO [2025-02-26 20:27:26] 
INFO [2025-02-26 20:27:26] $units
INFO [2025-02-26 20:27:26] [1] "px"
INFO [2025-02-26 20:27:26] 
INFO [2025-02-26 20:27:26] $lwd
INFO [2025-02-26 20:27:26] [1] 2
INFO [2025-02-26 20:27:26] 
INFO [2025-02-26 20:27:26] $lty
INFO [2025-02-26 20:27:26] [1] 1
INFO [2025-02-26 20:27:26] 
INFO [2025-02-26 20:27:26] $fill
INFO [2025-02-26 20:27:26] color_palette
INFO [2025-02-26 20:27:26] 
INFO [2025-02-26 20:27:26] $cex
INFO [2025-02-26 20:27:26] [1] 1.3
INFO [2025-02-26 20:27:26] 
INFO [2025-02-26 20:27:26] $cat.cex
INFO [2025-02-26 20:27:26] [1] 2
INFO [2025-02-26 20:27:26] 
INFO [2025-02-26 20:27:26] $alpha
INFO [2025-02-26 20:27:26] [1] 0.7
INFO [2025-02-26 20:27:26] 
INFO [2025-02-26 20:27:26] $margin
INFO [2025-02-26 20:27:26] [1] 0.05
INFO [2025-02-26 20:27:26] 
INFO [2025-02-26 20:27:26] $fontface
INFO [2025-02-26 20:27:26] [1] 2
INFO [2025-02-26 20:27:26] 
INFO [2025-02-26 20:27:26] $cat.fontface
INFO [2025-02-26 20:27:26] [1] 2
INFO [2025-02-26 20:27:26] 
INFO [2025-02-26 20:27:26] $print.mode
INFO [2025-02-26 20:27:26] c("raw", "percent")
INFO [2025-02-26 20:27:26] 
INFO [2025-02-26 20:27:26] $main
INFO [2025-02-26 20:27:26] [1] "OTU Abundance Venn Diagram"
INFO [2025-02-26 20:27:26] 
ERROR [2025-02-26 20:27:26] Incorrect number of elements.
