INFO [2025-02-26 20:30:03] [[1]]
INFO [2025-02-26 20:30:03] df
INFO [2025-02-26 20:30:03] 
INFO [2025-02-26 20:30:03] $filename
INFO [2025-02-26 20:30:03] NULL
INFO [2025-02-26 20:30:03] 
INFO [2025-02-26 20:30:03] $height
INFO [2025-02-26 20:30:03] [1] 5400
INFO [2025-02-26 20:30:03] 
INFO [2025-02-26 20:30:03] $width
INFO [2025-02-26 20:30:03] [1] 5400
INFO [2025-02-26 20:30:03] 
INFO [2025-02-26 20:30:03] $resolution
INFO [2025-02-26 20:30:03] [1] 600
INFO [2025-02-26 20:30:03] 
INFO [2025-02-26 20:30:03] $imagetype
INFO [2025-02-26 20:30:03] [1] "png"
INFO [2025-02-26 20:30:03] 
INFO [2025-02-26 20:30:03] $units
INFO [2025-02-26 20:30:03] [1] "px"
INFO [2025-02-26 20:30:03] 
INFO [2025-02-26 20:30:03] $lwd
INFO [2025-02-26 20:30:03] [1] 2
INFO [2025-02-26 20:30:03] 
INFO [2025-02-26 20:30:03] $lty
INFO [2025-02-26 20:30:03] [1] 1
INFO [2025-02-26 20:30:03] 
INFO [2025-02-26 20:30:03] $fill
INFO [2025-02-26 20:30:03] brewer.pal(length(data), "Set2")
INFO [2025-02-26 20:30:03] 
INFO [2025-02-26 20:30:03] $cex
INFO [2025-02-26 20:30:03] [1] 1.3
INFO [2025-02-26 20:30:03] 
INFO [2025-02-26 20:30:03] $cat.cex
INFO [2025-02-26 20:30:03] [1] 2
INFO [2025-02-26 20:30:03] 
INFO [2025-02-26 20:30:03] $alpha
INFO [2025-02-26 20:30:03] [1] 0.8
INFO [2025-02-26 20:30:03] 
INFO [2025-02-26 20:30:03] $margin
INFO [2025-02-26 20:30:03] [1] 0.05
INFO [2025-02-26 20:30:03] 
INFO [2025-02-26 20:30:03] $fontface
INFO [2025-02-26 20:30:03] [1] 2
INFO [2025-02-26 20:30:03] 
INFO [2025-02-26 20:30:03] $cat.fontface
INFO [2025-02-26 20:30:03] [1] 2
INFO [2025-02-26 20:30:03] 
INFO [2025-02-26 20:30:03] $print.mode
INFO [2025-02-26 20:30:03] c("raw", "percent")
INFO [2025-02-26 20:30:03] 
